<?xml version="1.0" encoding="utf-8"?><testsuites name="pytest tests"><testsuite name="pytest" errors="0" failures="0" skipped="0" tests="51" time="0.782" timestamp="2026-09-19T14:34:10.246705+00:00" hostname="agent-env-5119256b-c8d3-4e41-8e75-a95da7110f25"><testcase classname="tests.test_contracts_and_misc" name="test_committed_schema_matches_models" time="0.003" /><testcase classname="tests.test_contracts_and_misc" name="test_event_requires_tz_aware_ts_and_forbids_identity_fields" time="0.000" /><testcase classname="tests.test_contracts_and_misc" name="test_redaction" time="0.000" /><testcase classname="tests.test_contracts_and_misc" name="test_nms_suppresses_overlaps" time="0.000" /><testcase classname="tests.test_contracts_and_misc" name="test_letterbox_ratio_and_shape" time="0.004" /><testcase classname="tests.test_contracts_and_misc" name="test_postprocess_filters_person_and_normalizes" time="0.027" /><testcase classname="tests.test_counter" name="test_walk_across_from_outside_to_inside_counts_one_enter" time="0.000" /><testcase classname="tests.test_counter" name="test_walk_inside_to_outside_counts_one_exit" time="0.000" /><testcase classname="tests.test_counter" name="test_jitter_inside_deadband_never_counts" time="0.000" /><testcase classname="tests.test_counter" name="test_oscillation_just_outside_deadband_needs_confirm_frames" time="0.000" /><testcase classname="tests.test_counter" name="test_exit_then_reenter_with_same_track_counts_both" time="0.000" /><testcase classname="tests.test_counter" name="test_new_track_id_appearing_on_other_side_is_not_a_crossing" time="0.000" /><testcase classname="tests.test_counter" name="test_track_lost_beyond_ttl_forgets_side" time="0.000" /><testcase classname="tests.test_counter" name="test_track_briefly_lost_then_reappears_on_same_side_no_count" time="0.000" /><testcase classname="tests.test_counter" name="test_multiple_tracks_are_independent" time="0.000" /><testcase classname="tests.test_counter" name="test_enter_side_right_flips_semantics" time="0.000" /><testcase classname="tests.test_counter" name="test_no_count_from_bbox_count_alone" time="0.000" /><testcase classname="tests.test_event_store" name="test_append_persists_before_send_and_survives_reopen" time="0.054" /><testcase classname="tests.test_event_store" name="test_event_id_is_primary_key_no_duplicates" time="0.010" /><testcase classname="tests.test_event_store" name="test_capacity_raises_instead_of_dropping" time="0.010" /><testcase classname="tests.test_event_store" name="test_mark_sent_frees_capacity_and_only_after_ack" time="0.014" /><testcase classname="tests.test_event_store" name="test_pending_is_fifo" time="0.020" /><testcase classname="tests.test_event_store" name="test_rejected_leaves_pending_but_is_kept" time="0.012" /><testcase classname="tests.test_event_store" name="test_purge_sent_keeps_recent" time="0.021" /><testcase classname="tests.test_file_source" name="test_file_source_timestamps_follow_video_time_base" time="0.002" /><testcase classname="tests.test_file_source" name="test_missing_file_raises" time="0.000" /><testcase classname="tests.test_iou_tracker" name="test_keeps_id_for_moving_object_and_outputs_after_min_hits" time="0.001" /><testcase classname="tests.test_iou_tracker" name="test_two_separate_people_get_distinct_ids" time="0.000" /><testcase classname="tests.test_iou_tracker" name="test_lost_track_expires_and_new_id_assigned_after_max_age" time="0.000" /><testcase classname="tests.test_iou_tracker" name="test_short_occlusion_keeps_id_via_prediction" time="0.000" /><testcase classname="tests.test_iou_tracker" name="test_reset_clears_state" time="0.000" /><testcase classname="tests.test_line" name="test_side_of_horizontal_line" time="0.000" /><testcase classname="tests.test_line" name="test_signed_distance_is_resolution_independent_and_perpendicular" time="0.000" /><testcase classname="tests.test_line" name="test_reversed_direction_flips_sides" time="0.000" /><testcase classname="tests.test_line" name="test_enter_side_mapping" time="0.000" /><testcase classname="tests.test_line" name="test_invalid_lines_rejected[coords0]" time="0.000" /><testcase classname="tests.test_line" name="test_invalid_lines_rejected[coords1]" time="0.010" /><testcase classname="tests.test_line" name="test_invalid_lines_rejected[coords2]" time="0.000" /><testcase classname="tests.test_pipeline" name="test_one_person_enters_then_exits_end_to_end" time="0.012" /><testcase classname="tests.test_pipeline" name="test_detector_flicker_does_not_create_phantom_crossings" time="0.028" /><testcase classname="tests.test_pipeline" name="test_buffer_full_is_loud_not_silent" time="0.018" /><testcase classname="tests.test_pipeline" name="test_two_people_crossing_opposite_directions" time="0.011" /><testcase classname="tests.test_sender" name="test_happy_path_marks_sent_only_after_ack" time="0.028" /><testcase classname="tests.test_sender" name="test_event_id_stable_across_retries_and_server_dedups" time="0.017" /><testcase classname="tests.test_sender" name="test_not_marked_sent_when_server_unreachable" time="0.019" /><testcase classname="tests.test_sender" name="test_backoff_is_capped" time="0.020" /><testcase classname="tests.test_sender" name="test_duplicate_ack_is_treated_as_sent" time="0.013" /><testcase classname="tests.test_sender" name="test_auth_failure_is_surfaced_not_retried_blindly" time="0.012" /><testcase classname="tests.test_sender" name="test_server_rejected_event_is_marked_rejected_not_dropped" time="0.014" /><testcase classname="tests.test_sender" name="test_malformed_ack_does_not_mark_sent" time="0.014" /><testcase classname="tests.test_sender" name="test_api_key_never_in_logs" time="0.022" /></testsuite></testsuites>