<?xml version="1.0" encoding="utf-8"?><testsuites name="pytest tests"><testsuite name="pytest" errors="0" failures="0" skipped="0" tests="33" time="5.697" timestamp="2026-09-20T14:14:21.262297+00:00" hostname="agent-env-b5a1aba4-b558-444c-bf40-f5436345f82c"><testcase classname="tests.qa_live_phase4.TestTelegram" name="test_channels_no_token" time="0.499" /><testcase classname="tests.qa_live_phase4.TestTelegram" name="test_put_chat_id_owner" time="0.268" /><testcase classname="tests.qa_live_phase4.TestTelegram" name="test_staff_403" time="0.463" /><testcase classname="tests.qa_live_phase4.TestTelegram" name="test_invalid_chat_id_422" time="0.135" /><testcase classname="tests.qa_live_phase4.TestTelegram" name="test_test_endpoint_503_without_token" time="0.130" /><testcase classname="tests.qa_live_phase4.TestTelegram" name="test_reset_null" time="0.148" /><testcase classname="tests.qa_live_phase4.TestDeviceConfigAndLines" name="test_device_config_ok" time="0.152" /><testcase classname="tests.qa_live_phase4.TestDeviceConfigAndLines" name="test_device_config_rejects_jwt" time="0.143" /><testcase classname="tests.qa_live_phase4.TestDeviceConfigAndLines" name="test_put_line_qa" time="0.389" /><testcase classname="tests.qa_live_phase4.TestDeviceConfigAndLines" name="test_put_line_identical_endpoints_422" time="0.124" /><testcase classname="tests.qa_live_phase4.TestDeviceConfigAndLines" name="test_put_line_out_of_range_422" time="0.124" /><testcase classname="tests.qa_live_phase4.TestDeviceConfigAndLines" name="test_staff_put_line_403" time="0.154" /><testcase classname="tests.qa_live_phase4.TestDeviceConfigAndLines" name="test_delete_qa_line" time="0.246" /><testcase classname="tests.qa_live_phase4.TestDeviceConfigAndLines" name="test_door_1_line_still_present" time="0.119" /><testcase classname="tests.qa_live_phase4.TestSnapshot" name="test_upload_ok" time="0.169" /><testcase classname="tests.qa_live_phase4.TestSnapshot" name="test_non_jpeg_415" time="0.115" /><testcase classname="tests.qa_live_phase4.TestSnapshot" name="test_unknown_camera_404" time="0.106" /><testcase classname="tests.qa_live_phase4.TestSnapshot" name="test_owner_get_snapshot" time="0.135" /><testcase classname="tests.qa_live_phase4.TestSnapshot" name="test_cameras_list_snapshot_at" time="0.144" /><testcase classname="tests.qa_live_phase4.TestZones" name="test_create_zone" time="0.147" /><testcase classname="tests.qa_live_phase4.TestZones" name="test_create_zone_duplicate" time="0.125" /><testcase classname="tests.qa_live_phase4.TestZones" name="test_polygon_too_small_422" time="0.140" /><testcase classname="tests.qa_live_phase4.TestZones" name="test_ingest_samples" time="0.120" /><testcase classname="tests.qa_live_phase4.TestZones" name="test_ingest_duplicates" time="0.149" /><testcase classname="tests.qa_live_phase4.TestZones" name="test_ingest_unknown_zone" time="0.147" /><testcase classname="tests.qa_live_phase4.TestZones" name="test_ingest_count_max_less_than_count_422" time="0.117" /><testcase classname="tests.qa_live_phase4.TestZones" name="test_zones_list_shows_last_count" time="0.126" /><testcase classname="tests.qa_live_phase4.TestZones" name="test_occupancy_today" time="0.121" /><testcase classname="tests.qa_live_phase4.TestZones" name="test_staff_can_read_zones" time="0.131" /><testcase classname="tests.qa_live_phase4.TestZones" name="test_staff_cannot_delete_zone" time="0.152" /><testcase classname="tests.qa_live_phase4.TestZones" name="test_owner_delete_zone" time="0.119" /><testcase classname="tests.qa_live_phase4.TestZones" name="test_kasir_1_zone_preserved" time="0.119" /><testcase classname="tests.qa_live_phase4.TestAlertsRegression" name="test_alerts_ok" time="0.126" /></testsuite></testsuites>