<?xml version="1.0" encoding="utf-8"?><testsuites name="pytest tests"><testsuite name="pytest" errors="0" failures="1" skipped="0" tests="17" time="7.825" timestamp="2026-09-20T13:15:24.937777+00:00" hostname="agent-env-7761c772-0d30-4257-a968-830a77c94996"><testcase classname="tests.qa_live_alerts.TestList" name="test_no_auth_401" time="0.264" /><testcase classname="tests.qa_live_alerts.TestRules" name="test_get_default" time="0.801" /><testcase classname="tests.qa_live_alerts.TestList" name="test_default_open" time="0.941" /><testcase classname="tests.qa_live_alerts.TestList" name="test_status_resolved_and_all" time="0.331" /><testcase classname="tests.qa_live_alerts.TestRules" name="test_staff_get_ok" time="0.556" /><testcase classname="tests.qa_live_alerts.TestRules" name="test_staff_put_403" time="0.177" /><testcase classname="tests.qa_live_alerts.TestRules" name="test_owner_put_ok" time="0.154" /><testcase classname="tests.qa_live_alerts.TestList" name="test_status_bogus_422" time="0.161" /><testcase classname="tests.qa_live_alerts.TestRules" name="test_put_no_events_too_small_422" time="0.159" /><testcase classname="tests.qa_live_alerts.TestList" name="test_random_store_404" time="0.151" /><testcase classname="tests.qa_live_alerts.TestAck" name="test_random_uuid_404" time="0.124" /><testcase classname="tests.qa_live_alerts.TestRules" name="test_put_extra_field_422" time="0.173" /><testcase classname="tests.qa_live_alerts.TestRules" name="test_put_missing_field_422" time="0.327"><failure message="AssertionError: {&quot;store_id&quot;:&quot;01db25d6-ca01-400f-8b52-59c3120a58f7&quot;,&quot;heartbeat_lost_min&quot;:5,&quot;camera_down_min&quot;:3,&quot;buffer_pending_threshold&quot;:200,&quot;no_events_min&quot;:null,&quot;is_default&quot;:false}&#10;assert 200 == 422&#10; +  where 200 = &lt;Response [200]&gt;.status_code">backend/tests/qa_live_alerts.py:173: in test_put_missing_field_422
    assert r.status_code == 422, r.text
E   AssertionError: {"store_id":"01db25d6-ca01-400f-8b52-59c3120a58f7","heartbeat_lost_min":5,"camera_down_min":3,"buffer_pending_threshold":200,"no_events_min":null,"is_default":false}
E   assert 200 == 422
E    +  where 200 = &lt;Response [200]&gt;.status_code</failure></testcase><testcase classname="tests.qa_live_alerts.TestAck" name="test_staff_ack_forbidden" time="0.636" /><testcase classname="tests.qa_live_alerts.TestRules" name="test_zzz_delete_restores_defaults" time="0.175" /><testcase classname="tests.qa_live_alerts.TestAck" name="test_owner_ack_idempotent" time="0.453" /><testcase classname="tests.qa_live_alerts.TestBufferFullFlow" name="test_full_flow" time="2.732" /></testsuite></testsuites>