<?xml version="1.0" encoding="utf-8"?><testsuites name="pytest tests"><testsuite name="pytest" errors="0" failures="0" skipped="0" tests="20" time="5.035" timestamp="2026-09-20T09:43:32.666385+00:00" hostname="agent-env-9130258d-b313-4d00-a4b9-df522b269c3e"><testcase classname="tests.test_live_e2e" name="test_health_public" time="0.180" /><testcase classname="tests.test_live_e2e" name="test_unauth_returns_401_with_bearer_challenge[/api/v1/stores]" time="0.111" /><testcase classname="tests.test_live_e2e" name="test_unauth_returns_401_with_bearer_challenge[/api/v1/stores/{sid}/summary]" time="0.117" /><testcase classname="tests.test_live_e2e" name="test_unauth_returns_401_with_bearer_challenge[/api/v1/stores/{sid}/hourly]" time="0.150" /><testcase classname="tests.test_live_e2e" name="test_unauth_returns_401_with_bearer_challenge[/api/v1/stores/{sid}/devices]" time="0.129" /><testcase classname="tests.test_live_e2e" name="test_login_success" time="0.686" /><testcase classname="tests.test_live_e2e" name="test_login_wrong_password_401" time="0.346" /><testcase classname="tests.test_live_e2e" name="test_login_unknown_email_401" time="0.136" /><testcase classname="tests.test_live_e2e" name="test_login_extra_field_422" time="0.110" /><testcase classname="tests.test_live_e2e" name="test_device_key_on_user_endpoint_401" time="0.145" /><testcase classname="tests.test_live_e2e" name="test_user_jwt_on_device_batch_401" time="0.122" /><testcase classname="tests.test_live_e2e" name="test_tampered_jwt_401" time="0.129" /><testcase classname="tests.test_live_e2e" name="test_list_stores_single_toko_pilot" time="0.113" /><testcase classname="tests.test_live_e2e" name="test_summary_hourly_devices_200" time="0.410" /><testcase classname="tests.test_live_e2e" name="test_random_store_404" time="0.118" /><testcase classname="tests.test_live_e2e" name="test_heartbeat_ok" time="0.645" /><testcase classname="tests.test_live_e2e" name="test_heartbeat_without_key_401" time="0.114" /><testcase classname="tests.test_live_e2e" name="test_heartbeat_extra_field_422" time="0.112" /><testcase classname="tests.test_live_e2e" name="test_events_batch_with_and_without_tracking_session" time="0.245" /><testcase classname="tests.test_live_e2e" name="test_zzz_cleanup_synthetic_events" time="0.007" /></testsuite></testsuites>