<?xml version="1.0" encoding="utf-8"?><testsuites name="pytest tests"><testsuite name="pytest" errors="0" failures="0" skipped="0" tests="6" time="4.032" timestamp="2026-09-20T12:12:12.443017+00:00" hostname="agent-env-c1a1c400-b6a4-4b1f-a694-ebbd5e59541c"><testcase classname="tests.qa_live_hours_history" name="test_hours_validation_and_roundtrip" time="1.552" /><testcase classname="tests.qa_live_hours_history" name="test_report_and_overview_hours_semantics" time="0.562" /><testcase classname="tests.qa_live_hours_history" name="test_overview_closed_now_no_device_problems" time="0.460" /><testcase classname="tests.qa_live_hours_history" name="test_heartbeat_history_shape" time="0.274" /><testcase classname="tests.qa_live_hours_history" name="test_heartbeat_history_validation" time="0.490" /><testcase classname="tests.qa_live_hours_history" name="test_heartbeat_post_increments_and_deactivates" time="0.628" /></testsuite></testsuites>