<?xml version="1.0" encoding="utf-8"?><testsuites name="pytest tests"><testsuite name="pytest" errors="0" failures="0" skipped="0" tests="8" time="2.400" timestamp="2026-09-20T11:54:50.585429+00:00" hostname="agent-env-c1a1c400-b6a4-4b1f-a694-ebbd5e59541c"><testcase classname="tests.qa_live_reports" name="test_report_7d_shape" time="0.756" /><testcase classname="tests.qa_live_reports" name="test_report_to_before_from" time="0.139" /><testcase classname="tests.qa_live_reports" name="test_report_range_gt_92" time="0.155" /><testcase classname="tests.qa_live_reports" name="test_report_missing_to" time="0.115" /><testcase classname="tests.qa_live_reports" name="test_report_unauthenticated" time="0.144" /><testcase classname="tests.qa_live_reports" name="test_report_other_tenant_404" time="0.112" /><testcase classname="tests.qa_live_reports" name="test_overview_owner" time="0.258" /><testcase classname="tests.qa_live_reports" name="test_overview_admin_sees_all" time="0.617" /></testsuite></testsuites>