<?xml version="1.0" encoding="utf-8"?><testsuites name="pytest tests"><testsuite name="pytest" errors="0" failures="0" skipped="0" tests="12" time="4.335" timestamp="2026-09-19T14:46:25.925285+00:00" hostname="agent-env-5119256b-c8d3-4e41-8e75-a95da7110f25"><testcase classname="tests.qa_live_api" name="test_health" time="0.301" /><testcase classname="tests.qa_live_api" name="test_stores_list_contains_pilot" time="0.197" /><testcase classname="tests.qa_live_api" name="test_auth_missing" time="0.124" /><testcase classname="tests.qa_live_api" name="test_auth_unknown_key_id" time="0.156" /><testcase classname="tests.qa_live_api" name="test_auth_wrong_secret" time="0.177" /><testcase classname="tests.qa_live_api" name="test_validation_extra_field" time="0.155" /><testcase classname="tests.qa_live_api" name="test_validation_naive_ts" time="0.166" /><testcase classname="tests.qa_live_api" name="test_validation_empty_events" time="0.129" /><testcase classname="tests.qa_live_api" name="test_unknown_camera_rejected" time="0.314" /><testcase classname="tests.qa_live_api" name="test_ingest_idempotency_and_aggregates" time="0.735" /><testcase classname="tests.qa_live_api" name="test_devices_endpoint" time="0.156" /><testcase classname="tests.qa_live_api" name="test_unknown_store_404" time="0.164" /></testsuite></testsuites>