<?xml version="1.0" encoding="utf-8"?><testsuites name="pytest tests"><testsuite name="pytest" errors="0" failures="0" skipped="0" tests="29" time="8.669" timestamp="2026-09-20T11:36:14.812743+00:00" hostname="agent-env-c1a1c400-b6a4-4b1f-a694-ebbd5e59541c"><testcase classname="tests.qa_live_manage.TestAdminLogin" name="test_admin_login_flags" time="0.364" /><testcase classname="tests.qa_live_manage.TestAdminLogin" name="test_admin_tenants_include_pilot_with_role" time="0.113" /><testcase classname="tests.qa_live_manage.TestOwnerStores" name="test_create_store_success" time="0.581" /><testcase classname="tests.qa_live_manage.TestOwnerStores" name="test_create_store_invalid_tz_422" time="0.121" /><testcase classname="tests.qa_live_manage.TestOwnerStores" name="test_create_store_duplicate_name_409" time="0.122" /><testcase classname="tests.qa_live_manage.TestOwnerStores" name="test_patch_store_rename" time="0.116" /><testcase classname="tests.qa_live_manage.TestDevices" name="test_create_device_returns_key" time="0.144" /><testcase classname="tests.qa_live_manage.TestDevices" name="test_heartbeat_with_new_key_ok" time="0.127" /><testcase classname="tests.qa_live_manage.TestDevices" name="test_rotate_key_invalidates_old" time="0.247" /><testcase classname="tests.qa_live_manage.TestDevices" name="test_deactivate_device_blocks_heartbeat_403" time="0.345" /><testcase classname="tests.qa_live_manage.TestCameras" name="test_list_cameras_initially_seed" time="0.113" /><testcase classname="tests.qa_live_manage.TestCameras" name="test_create_camera_invalid_external_id_422" time="0.160" /><testcase classname="tests.qa_live_manage.TestCameras" name="test_create_camera_cross_store_device_422" time="0.474" /><testcase classname="tests.qa_live_manage.TestCameras" name="test_create_camera_success" time="0.123" /><testcase classname="tests.qa_live_manage.TestCameras" name="test_patch_camera_clear_device" time="0.331" /><testcase classname="tests.qa_live_manage.TestCameras" name="test_delete_camera_204" time="0.125" /><testcase classname="tests.qa_live_manage.TestMembers" name="test_owner_creates_staff" time="0.349" /><testcase classname="tests.qa_live_manage.TestMembers" name="test_staff_login_and_rbac" time="0.797" /><testcase classname="tests.qa_live_manage.TestMembers" name="test_owner_patch_member_role_roundtrip" time="0.261" /><testcase classname="tests.qa_live_manage.TestMembers" name="test_owner_cannot_change_own_role" time="0.151" /><testcase classname="tests.qa_live_manage.TestMembers" name="test_owner_reset_staff_password" time="0.731" /><testcase classname="tests.qa_live_manage.TestMembers" name="test_owner_post_tenants_403" time="0.104" /><testcase classname="tests.qa_live_manage.TestMembers" name="test_owner_get_users_403" time="0.150" /><testcase classname="tests.qa_live_manage.TestAdminUsers" name="test_admin_lists_all_users" time="0.110" /><testcase classname="tests.qa_live_manage.TestAdminUsers" name="test_admin_deactivate_staff_then_reactivate" time="0.363" /><testcase classname="tests.qa_live_manage.TestChangePassword" name="test_wrong_current_403" time="0.684" /><testcase classname="tests.qa_live_manage.TestChangePassword" name="test_short_new_password_422" time="0.115" /><testcase classname="tests.qa_live_manage.TestChangePassword" name="test_change_password_success" time="0.900" /><testcase classname="tests.qa_live_manage" name="test_zzz_cleanup" time="0.287" /></testsuite></testsuites>