<?xml version="1.0" encoding="utf-8"?><testsuites name="pytest tests"><testsuite name="pytest" errors="0" failures="0" skipped="0" tests="21" time="2.155" timestamp="2026-09-19T14:34:04.236854+00:00" hostname="agent-env-5119256b-c8d3-4e41-8e75-a95da7110f25"><testcase classname="tests.qa_verifications.TestCrossingCounter" name="test_enter_direction_y09_to_y01" time="0.000" /><testcase classname="tests.qa_verifications.TestCrossingCounter" name="test_exit_reverse_direction" time="0.000" /><testcase classname="tests.qa_verifications.TestCrossingCounter" name="test_oscillation_within_hysteresis_produces_no_events" time="0.000" /><testcase classname="tests.qa_verifications.TestCrossingCounter" name="test_new_track_on_opposite_side_produces_no_event" time="0.000" /><testcase classname="tests.qa_verifications.TestCrossingCounter" name="test_exit_then_reenter_same_id" time="0.000" /><testcase classname="tests.qa_verifications.TestEventStore" name="test_append_persists_and_survives_reopen" time="0.055" /><testcase classname="tests.qa_verifications.TestEventStore" name="test_duplicate_event_id_raises" time="0.009" /><testcase classname="tests.qa_verifications.TestEventStore" name="test_capacity_full_raises_and_pending_unchanged" time="0.014" /><testcase classname="tests.qa_verifications.TestEventStore" name="test_mark_sent_frees_capacity" time="0.025" /><testcase classname="tests.qa_verifications" name="test_sender_retry_then_success_same_event_id" time="0.023" /><testcase classname="tests.qa_verifications" name="test_sender_401_marks_auth_failed_row_pending" time="0.013" /><testcase classname="tests.qa_verifications" name="test_sender_duplicates_treated_as_sent" time="0.017" /><testcase classname="tests.qa_verifications" name="test_pipeline_enter_then_exit" time="0.016" /><testcase classname="tests.qa_verifications" name="test_pipeline_buffer_full_is_loud" time="0.013" /><testcase classname="tests.qa_verifications" name="test_cli_run_no_send" time="0.403" /><testcase classname="tests.qa_verifications" name="test_cli_status" time="0.745" /><testcase classname="tests.qa_verifications" name="test_cli_schema" time="0.402" /><testcase classname="tests.qa_verifications" name="test_contract_schema_equals_committed_file" time="0.015" /><testcase classname="tests.qa_verifications" name="test_naive_datetime_rejected" time="0.000" /><testcase classname="tests.qa_verifications" name="test_extra_tenant_id_rejected" time="0.000" /><testcase classname="tests.qa_verifications" name="test_rtsp_url_redacted_in_logs" time="0.001" /></testsuite></testsuites>